<?xml version="1.0" encoding="UTF-8"?>
<testng-results skipped="0" failed="0" total="3" passed="3">
  <reporter-output>
  </reporter-output>
  <suite name="Suite" duration-ms="76" started-at="2019-09-24T18:35:13Z" finished-at="2019-09-24T18:35:13Z">
    <groups>
    </groups>
    <test name="Test" duration-ms="76" started-at="2019-09-24T18:35:13Z" finished-at="2019-09-24T18:35:13Z">
      <class name="package1.Hello3">
        <test-method status="PASS" signature="hello()[pri:0, instance:package1.Hello3@1275dab]" name="hello" duration-ms="1" started-at="2019-09-25T00:05:13Z" finished-at="2019-09-25T00:05:13Z">
          <reporter-output>
          </reporter-output>
        </test-method> <!-- hello -->
      </class> <!-- package1.Hello3 -->
      <class name="package1.Hello2">
        <test-method status="PASS" signature="hello()[pri:0, instance:package1.Hello2@3884b2]" name="hello" duration-ms="1" started-at="2019-09-25T00:05:13Z" finished-at="2019-09-25T00:05:13Z">
          <reporter-output>
          </reporter-output>
        </test-method> <!-- hello -->
      </class> <!-- package1.Hello2 -->
      <class name="package1.Hello">
        <test-method status="PASS" signature="test()[pri:0, instance:package1.Hello@1fa1d9b]" name="test" duration-ms="24" started-at="2019-09-25T00:05:13Z" finished-at="2019-09-25T00:05:13Z">
          <reporter-output>
          </reporter-output>
        </test-method> <!-- test -->
      </class> <!-- package1.Hello -->
    </test> <!-- Test -->
  </suite> <!-- Suite -->
</testng-results>
