<?xml version="1.0" encoding="UTF-8"?>
<testng-results skipped="0" failed="0" total="2" passed="2">
  <reporter-output>
  </reporter-output>
  <suite name="Suite" duration-ms="42" started-at="2019-09-24T17:43:33Z" finished-at="2019-09-24T17:43:33Z">
    <groups>
    </groups>
    <test name="Test" duration-ms="42" started-at="2019-09-24T17:43:33Z" finished-at="2019-09-24T17:43:33Z">
      <class name="package1.Hello2">
        <test-method status="PASS" signature="hello()[pri:0, instance:package1.Hello2@8bc3d5]" name="hello" duration-ms="0" started-at="2019-09-24T23:13:33Z" finished-at="2019-09-24T23:13:33Z">
          <reporter-output>
          </reporter-output>
        </test-method> <!-- hello -->
      </class> <!-- package1.Hello2 -->
      <class name="package1.Hello">
        <test-method status="PASS" signature="test()[pri:0, instance:package1.Hello@1ebec15]" name="test" duration-ms="20" started-at="2019-09-24T23:13:33Z" finished-at="2019-09-24T23:13:33Z">
          <reporter-output>
          </reporter-output>
        </test-method> <!-- test -->
      </class> <!-- package1.Hello -->
    </test> <!-- Test -->
  </suite> <!-- Suite -->
</testng-results>
